<?xml version="1.0" encoding="UTF-8"?>
<!-- Generated by org.testng.reporters.JUnitXMLReporter -->
<testsuite ignored="0" hostname="DESKTOP-DHSI56N" failures="0" tests="6" name="Default test" time="11.494" errors="0" timestamp="2025-07-19T01:12:43 IST">
  <testcase classname="api_test.DDTest" name="testPostUser" time="3.224"/>
  <testcase classname="api_test.DDTest" name="testPostUser" time="1.416"/>
  <testcase classname="api_test.DDTest" name="testPostUser" time="1.323"/>
  <testcase classname="api_test.DDTest" name="testDeleteUserByName" time="1.439"/>
  <testcase classname="api_test.DDTest" name="testDeleteUserByName" time="1.355"/>
  <testcase classname="api_test.DDTest" name="testDeleteUserByName" time="1.358"/>
</testsuite> <!-- Default test -->
