<?xml version="1.0" encoding="UTF-8"?>
<testng-results ignored="0" total="10" passed="10" failed="0" skipped="0">
  <reporter-output>
  </reporter-output>
  <suite started-at="2025-07-19T01:13:13 IST" name="petSuite" finished-at="2025-07-19T01:13:32 IST" duration-ms="19017">
    <groups>
    </groups>
    <test started-at="2025-07-19T01:13:13 IST" name="petTest" finished-at="2025-07-19T01:13:32 IST" duration-ms="19017">
      <class name="api_test.UserTest">
        <test-method is-config="true" signature="setupData()[pri:0, instance:api_test.UserTest@71e9ddb4]" started-at="2025-07-19T01:13:13 IST" name="setupData" finished-at="2025-07-19T01:13:14 IST" duration-ms="228" status="PASS">
          <reporter-output>
          </reporter-output>
        </test-method> <!-- setupData -->
        <test-method signature="testpostUser()[pri:1, instance:api_test.UserTest@71e9ddb4]" started-at="2025-07-19T01:13:14 IST" name="testpostUser" finished-at="2025-07-19T01:13:17 IST" duration-ms="3505" status="PASS">
          <reporter-output>
          </reporter-output>
        </test-method> <!-- testpostUser -->
        <test-method signature="testGetUserByName()[pri:2, instance:api_test.UserTest@71e9ddb4]" started-at="2025-07-19T01:13:17 IST" name="testGetUserByName" finished-at="2025-07-19T01:13:18 IST" duration-ms="1381" status="PASS">
          <reporter-output>
          </reporter-output>
        </test-method> <!-- testGetUserByName -->
        <test-method signature="testUpdateUserByName()[pri:3, instance:api_test.UserTest@71e9ddb4]" started-at="2025-07-19T01:13:18 IST" name="testUpdateUserByName" finished-at="2025-07-19T01:13:21 IST" duration-ms="2813" status="PASS">
          <reporter-output>
          </reporter-output>
        </test-method> <!-- testUpdateUserByName -->
        <test-method signature="testDeleteUserByName()[pri:4, instance:api_test.UserTest@71e9ddb4]" started-at="2025-07-19T01:13:21 IST" name="testDeleteUserByName" finished-at="2025-07-19T01:13:23 IST" duration-ms="1399" status="PASS">
          <reporter-output>
          </reporter-output>
        </test-method> <!-- testDeleteUserByName -->
      </class> <!-- api_test.UserTest -->
      <class name="api_test.DDTest">
        <test-method signature="testPostUser(java.lang.String,java.lang.String,java.lang.String,java.lang.String,java.lang.String,java.lang.String,java.lang.String)[pri:1, instance:api_test.DDTest@75db5df9]" started-at="2025-07-19T01:13:24 IST" name="testPostUser" data-provider="Data" finished-at="2025-07-19T01:13:25 IST" duration-ms="1432" status="PASS">
          <params>
            <param index="0">
              <value>
                <![CDATA[101]]>
              </value>
            </param>
            <param index="1">
              <value>
                <![CDATA[john_doe]]>
              </value>
            </param>
            <param index="2">
              <value>
                <![CDATA[John]]>
              </value>
            </param>
            <param index="3">
              <value>
                <![CDATA[Doe]]>
              </value>
            </param>
            <param index="4">
              <value>
                <![CDATA[john@example.com]]>
              </value>
            </param>
            <param index="5">
              <value>
                <![CDATA[pass123]]>
              </value>
            </param>
            <param index="6">
              <value>
                <![CDATA[1234567890]]>
              </value>
            </param>
          </params>
          <reporter-output>
          </reporter-output>
        </test-method> <!-- testPostUser -->
        <test-method signature="testPostUser(java.lang.String,java.lang.String,java.lang.String,java.lang.String,java.lang.String,java.lang.String,java.lang.String)[pri:1, instance:api_test.DDTest@75db5df9]" started-at="2025-07-19T01:13:25 IST" name="testPostUser" data-provider="Data" finished-at="2025-07-19T01:13:26 IST" duration-ms="1365" status="PASS">
          <params>
            <param index="0">
              <value>
                <![CDATA[102]]>
              </value>
            </param>
            <param index="1">
              <value>
                <![CDATA[jane_smith]]>
              </value>
            </param>
            <param index="2">
              <value>
                <![CDATA[Jane]]>
              </value>
            </param>
            <param index="3">
              <value>
                <![CDATA[Smith]]>
              </value>
            </param>
            <param index="4">
              <value>
                <![CDATA[jane@example.com]]>
              </value>
            </param>
            <param index="5">
              <value>
                <![CDATA[secure456]]>
              </value>
            </param>
            <param index="6">
              <value>
                <![CDATA[9876543210]]>
              </value>
            </param>
          </params>
          <reporter-output>
          </reporter-output>
        </test-method> <!-- testPostUser -->
        <test-method signature="testPostUser(java.lang.String,java.lang.String,java.lang.String,java.lang.String,java.lang.String,java.lang.String,java.lang.String)[pri:1, instance:api_test.DDTest@75db5df9]" started-at="2025-07-19T01:13:26 IST" name="testPostUser" data-provider="Data" finished-at="2025-07-19T01:13:28 IST" duration-ms="1377" status="PASS">
          <params>
            <param index="0">
              <value>
                <![CDATA[103]]>
              </value>
            </param>
            <param index="1">
              <value>
                <![CDATA[mike_ross]]>
              </value>
            </param>
            <param index="2">
              <value>
                <![CDATA[Mike]]>
              </value>
            </param>
            <param index="3">
              <value>
                <![CDATA[Ross]]>
              </value>
            </param>
            <param index="4">
              <value>
                <![CDATA[mike@example.com]]>
              </value>
            </param>
            <param index="5">
              <value>
                <![CDATA[mike789]]>
              </value>
            </param>
            <param index="6">
              <value>
                <![CDATA[5551234567]]>
              </value>
            </param>
          </params>
          <reporter-output>
          </reporter-output>
        </test-method> <!-- testPostUser -->
        <test-method signature="testDeleteUserByName(java.lang.String)[pri:2, instance:api_test.DDTest@75db5df9]" started-at="2025-07-19T01:13:28 IST" name="testDeleteUserByName" data-provider="userName" finished-at="2025-07-19T01:13:29 IST" duration-ms="1352" status="PASS">
          <params>
            <param index="0">
              <value>
                <![CDATA[john_doe]]>
              </value>
            </param>
          </params>
          <reporter-output>
          </reporter-output>
        </test-method> <!-- testDeleteUserByName -->
        <test-method signature="testDeleteUserByName(java.lang.String)[pri:2, instance:api_test.DDTest@75db5df9]" started-at="2025-07-19T01:13:29 IST" name="testDeleteUserByName" data-provider="userName" finished-at="2025-07-19T01:13:31 IST" duration-ms="1407" status="PASS">
          <params>
            <param index="0">
              <value>
                <![CDATA[jane_smith]]>
              </value>
            </param>
          </params>
          <reporter-output>
          </reporter-output>
        </test-method> <!-- testDeleteUserByName -->
        <test-method signature="testDeleteUserByName(java.lang.String)[pri:2, instance:api_test.DDTest@75db5df9]" started-at="2025-07-19T01:13:31 IST" name="testDeleteUserByName" data-provider="userName" finished-at="2025-07-19T01:13:32 IST" duration-ms="1309" status="PASS">
          <params>
            <param index="0">
              <value>
                <![CDATA[mike_ross]]>
              </value>
            </param>
          </params>
          <reporter-output>
          </reporter-output>
        </test-method> <!-- testDeleteUserByName -->
      </class> <!-- api_test.DDTest -->
    </test> <!-- petTest -->
  </suite> <!-- petSuite -->
</testng-results>
