<?xml version="1.0" encoding="UTF-8"?>
<!-- Generated by org.testng.reporters.JUnitXMLReporter -->
<testsuite ignored="0" hostname="DESKTOP-DHSI56N" failures="0" tests="10" name="petTest" time="19.017" errors="0" timestamp="2025-07-19T01:13:32 IST">
  <testcase classname="api_test.UserTest" name="testpostUser" time="3.505"/>
  <testcase classname="api_test.UserTest" name="testGetUserByName" time="1.381"/>
  <testcase classname="api_test.UserTest" name="testUpdateUserByName" time="2.813"/>
  <testcase classname="api_test.UserTest" name="testDeleteUserByName" time="1.399"/>
  <testcase classname="api_test.DDTest" name="testPostUser" time="1.432"/>
  <testcase classname="api_test.DDTest" name="testPostUser" time="1.365"/>
  <testcase classname="api_test.DDTest" name="testPostUser" time="1.377"/>
  <testcase classname="api_test.DDTest" name="testDeleteUserByName" time="1.352"/>
  <testcase classname="api_test.DDTest" name="testDeleteUserByName" time="1.407"/>
  <testcase classname="api_test.DDTest" name="testDeleteUserByName" time="1.309"/>
</testsuite> <!-- petTest -->
